<?xml version="1.0" encoding="UTF-8"?>
<testng-results skipped="0" failed="0" ignored="0" total="1" passed="1">
  <reporter-output>
  </reporter-output>
  <suite name="Default suite" duration-ms="951" started-at="2019-01-22T04:35:34Z" finished-at="2019-01-22T04:35:34Z">
    <groups>
    </groups>
    <test name="Default test" duration-ms="951" started-at="2019-01-22T04:35:34Z" finished-at="2019-01-22T04:35:34Z">
      <class name="com.tests.NewTest4">
        <test-method status="PASS" signature="testExcel()[pri:0, instance:com.tests.NewTest4@cb5822]" name="testExcel" duration-ms="907" started-at="2019-01-22T04:35:34Z" finished-at="2019-01-22T04:35:34Z">
          <reporter-output>
          </reporter-output>
        </test-method> <!-- testExcel -->
      </class> <!-- com.tests.NewTest4 -->
    </test> <!-- Default test -->
  </suite> <!-- Default suite -->
</testng-results>
